<?xml version="1.0" encoding="UTF-8"?>
<testsuite xmlns:xsi="http://www.w3.org/2001/XMLSchema-instance" xsi:noNamespaceSchemaLocation="https://maven.apache.org/surefire/maven-surefire-plugin/xsd/surefire-test-report.xsd" name="com.univesp.pi.pizzariacomparator.Service.PizzaServiceTest" time="0.595" tests="9" errors="0" skipped="0" failures="0">
  <properties>
[...]
</properties>
  <testcase name="testSalvarPizza" classname="com.univesp.pi.pizzariacomparator.Service.PizzaServiceTest" time="0.546"/>
  <testcase name="testAtualizarParcialmentePizza" classname="com.univesp.pi.pizzariacomparator.Service.PizzaServiceTest" time="0.002"/>
  <testcase name="testBuscarPizzaPorId" classname="com.univesp.pi.pizzariacomparator.Service.PizzaServiceTest" time="0.026"/>
  <testcase name="testBuscarPizzaPorNomesParecidos" classname="com.univesp.pi.pizzariacomparator.Service.PizzaServiceTest" time="0.002"/>
  <testcase name="testBuscarPizzaPorNome" classname="com.univesp.pi.pizzariacomparator.Service.PizzaServiceTest" time="0.002"/>
  <testcase name="testBuscarTodosPaginados" classname="com.univesp.pi.pizzariacomparator.Service.PizzaServiceTest" time="0"/>
  <testcase name="testExcluirPizza" classname="com.univesp.pi.pizzariacomparator.Service.PizzaServiceTest" time="0"/>
  <testcase name="testBuscarTodos" classname="com.univesp.pi.pizzariacomparator.Service.PizzaServiceTest" time="0.001"/>
  <testcase name="testAtualizarPizza" classname="com.univesp.pi.pizzariacomparator.Service.PizzaServiceTest" time="0.003"/>
</testsuite>